AccelAccess/app/build/intermediates/manifest_merge_blame_file/debug/manifest-merger-blame-debug-report.txt
1<?xml version="1.0" encoding="utf-8"?>
2<!--
3  ~ Copyright 2017 Google Inc. All rights reserved.
4  ~
5  ~ Licensed under the Apache License, Version 2.0 (the "License");
6  ~ you may not use this file except in compliance with the License.
7  ~ You may obtain a copy of the License at
8  ~
9  ~     http://www.apache.org/licenses/LICENSE-2.0
10  ~
11  ~ Unless required by applicable law or agreed to in writing, software
12  ~ distributed under the License is distributed on an "AS IS" BASIS,
13  ~ WITHOUT WARRANTIES OR CONDITIONS OF ANY KIND, either express or implied.
14  ~ See the License for the specific language governing permissions and
15  ~ limitations under the License.
16-->
17<manifest xmlns:android="http://schemas.android.com/apk/res/android"
18    package="com.example.android.mediaplayersample"
19    android:versionCode="1"
20    android:versionName="1.0" >
21
22    <uses-sdk
23        android:minSdkVersion="25"
23-->src\main\AndroidManifest.xml
24        android:targetSdkVersion="29" />
24-->src\main\AndroidManifest.xml
25
26    <application
26-->src\main\AndroidManifest.xml:22:5-41:19
27        android:allowBackup="true"
27-->src\main\AndroidManifest.xml:23:9-35
28        android:appComponentFactory="androidx.core.app.CoreComponentFactory"
28-->[androidx.core:core:1.1.0] AndroidManifest.xml:24:18-86
29        android:debuggable="true"
30        android:extractNativeLibs="false"
31        android:icon="@drawable/a2_logo"
31-->src\main\AndroidManifest.xml:24:9-41
32        android:label="@string/app_name"
32-->src\main\AndroidManifest.xml:25:9-41
33        android:supportsRtl="true"
33-->src\main\AndroidManifest.xml:26:9-35
34        android:testOnly="true"
35        android:theme="@style/AppTheme" >
35-->src\main\AndroidManifest.xml:27:9-40
36        <activity
36-->src\main\AndroidManifest.xml:28:9-34:20
37            android:name="com.example.android.accelaccess.MainActivity"
37-->src\main\AndroidManifest.xml:28:19-78
38            android:configChanges="orientation" >
38-->src\main\AndroidManifest.xml:29:13-48
39            <intent-filter>
39-->src\main\AndroidManifest.xml:30:13-33:29
40                <action android:name="android.intent.action.MAIN" />
40-->src\main\AndroidManifest.xml:31:17-68
40-->src\main\AndroidManifest.xml:31:25-66
41
42                <category android:name="android.intent.category.LAUNCHER" />
42-->src\main\AndroidManifest.xml:32:17-76
42-->src\main\AndroidManifest.xml:32:27-74
43            </intent-filter>
44        </activity>
45        <activity android:name="com.example.android.accelaccess.CallActivity" >
45-->src\main\AndroidManifest.xml:36:9-37:20
45-->src\main\AndroidManifest.xml:36:19-78
46        </activity>
47        <activity android:name="com.example.android.accelaccess.MusicActivity" >
47-->src\main\AndroidManifest.xml:39:9-40:20
47-->src\main\AndroidManifest.xml:39:19-79
48        </activity>
49    </application>
50
51</manifest>